<?xml version="1.0" encoding="UTF-8"?>
<testsuite name="de.tud.cs.se.flashcards.model.learning.LearningStrategiesTest" tests="1" skipped="0" failures="0" errors="0" timestamp="2019-01-24T17:13:17" hostname="DESKTOP-5N89LQF" time="0.006">
  <properties/>
  <testcase name="test" classname="de.tud.cs.se.flashcards.model.learning.LearningStrategiesTest" time="0.006"/>
  <system-out><![CDATA[]]></system-out>
  <system-err><![CDATA[]]></system-err>
</testsuite>
